20200716T173353 vote succeed20200716T174006 vote fail, wait for later20200716T174559 vote succeed
20200716T174951 vote fail, wait for later
20200716T175430 vote fail, wait for later
20200716T202852 vote succeed
20200716T210459 vote succeed
20200716T213225 vote succeed
20200717T015558 vote succeed
20200718T170412 vote succeed
20200718T175605 vote succeed
20200718T181928 vote succeed
20200718T183653 vote succeed
20200718T214818 vote fail, captcha incorrect
20200718T231011 vote succeed
20200719T000607 vote succeed
20200719T002232 vote succeed
20200719T003515 vote succeed
20200719T010342 vote succeed
20200719T012747 vote succeed
20200719T235016 vote succeed
20200719T235054 vote failed, wait 3mins b4 cast another vote
20200719T235054 vote failed, wait 3mins b4 cast another vote
20200719T235054 vote failed, wait 3mins b4 cast another vote
20200719T235530 vote failed, wait 3mins b4 cast another vote
20200719T235530 vote failed, wait 3mins b4 cast another vote
